Determining if the pthread_create exist failed with the following output:
Change Dir: /home/stefano/Desktop/mesh-simplification/buildRelease/CMakeFiles/CMakeTmp

Run Build Command:"/usr/bin/make" "cmTC_ffb83/fast"
/usr/bin/make -f CMakeFiles/cmTC_ffb83.dir/build.make CMakeFiles/cmTC_ffb83.dir/build
make[1]: Entering directory '/home/stefano/Desktop/mesh-simplification/buildRelease/CMakeFiles/CMakeTmp'
Building C object CMakeFiles/cmTC_ffb83.dir/CheckSymbolExists.c.o
/usr/bin/cc     -o CMakeFiles/cmTC_ffb83.dir/CheckSymbolExists.c.o   -c /home/stefano/Desktop/mesh-simplification/buildRelease/CMakeFiles/CMakeTmp/CheckSymbolExists.c
Linking C executable cmTC_ffb83
/usr/bin/cmake -E cmake_link_script CMakeFiles/cmTC_ffb83.dir/link.txt --verbose=1
/usr/bin/cc       CMakeFiles/cmTC_ffb83.dir/CheckSymbolExists.c.o  -o cmTC_ffb83 -rdynamic 
CMakeFiles/cmTC_ffb83.dir/CheckSymbolExists.c.o: In function `main':
CheckSymbolExists.c:(.text+0x16): undefined reference to `pthread_create'
collect2: error: ld returned 1 exit status
CMakeFiles/cmTC_ffb83.dir/build.make:97: recipe for target 'cmTC_ffb83' failed
make[1]: *** [cmTC_ffb83] Error 1
make[1]: Leaving directory '/home/stefano/Desktop/mesh-simplification/buildRelease/CMakeFiles/CMakeTmp'
Makefile:126: recipe for target 'cmTC_ffb83/fast' failed
make: *** [cmTC_ffb83/fast] Error 2

File /home/stefano/Desktop/mesh-simplification/buildRelease/CMakeFiles/CMakeTmp/CheckSymbolExists.c:
/* */
#include <pthread.h>

int main(int argc, char** argv)
{
  (void)argv;
#ifndef pthread_create
  return ((int*)(&pthread_create))[argc];
#else
  (void)argc;
  return 0;
#endif
}

Determining if the function pthread_create exists in the pthreads failed with the following output:
Change Dir: /home/stefano/Desktop/mesh-simplification/buildRelease/CMakeFiles/CMakeTmp

Run Build Command:"/usr/bin/make" "cmTC_26a14/fast"
/usr/bin/make -f CMakeFiles/cmTC_26a14.dir/build.make CMakeFiles/cmTC_26a14.dir/build
make[1]: Entering directory '/home/stefano/Desktop/mesh-simplification/buildRelease/CMakeFiles/CMakeTmp'
Building C object CMakeFiles/cmTC_26a14.dir/CheckFunctionExists.c.o
/usr/bin/cc    -DCHECK_FUNCTION_EXISTS=pthread_create   -o CMakeFiles/cmTC_26a14.dir/CheckFunctionExists.c.o   -c /usr/share/cmake-3.5/Modules/CheckFunctionExists.c
Linking C executable cmTC_26a14
/usr/bin/cmake -E cmake_link_script CMakeFiles/cmTC_26a14.dir/link.txt --verbose=1
/usr/bin/cc   -DCHECK_FUNCTION_EXISTS=pthread_create    CMakeFiles/cmTC_26a14.dir/CheckFunctionExists.c.o  -o cmTC_26a14 -rdynamic -lpthreads 
/usr/bin/ld: cannot find -lpthreads
collect2: error: ld returned 1 exit status
CMakeFiles/cmTC_26a14.dir/build.make:97: recipe for target 'cmTC_26a14' failed
make[1]: *** [cmTC_26a14] Error 1
make[1]: Leaving directory '/home/stefano/Desktop/mesh-simplification/buildRelease/CMakeFiles/CMakeTmp'
Makefile:126: recipe for target 'cmTC_26a14/fast' failed
make: *** [cmTC_26a14/fast] Error 2


Compiling the Fortran compiler identification source file "CMakeFortranCompilerId.F" failed.
Compiler: CMAKE_Fortran_COMPILER-NOTFOUND 
Build flags: 
Id flags: -v

The output was:
No such file or directory


Compiling the Fortran compiler identification source file "CMakeFortranCompilerId.F" failed.
Compiler: CMAKE_Fortran_COMPILER-NOTFOUND 
Build flags: 
Id flags: 

The output was:
No such file or directory


Compiling the Fortran compiler identification source file "CMakeFortranCompilerId.F" failed.
Compiler: CMAKE_Fortran_COMPILER-NOTFOUND 
Build flags: 
Id flags: -c

The output was:
No such file or directory


Compiling the Fortran compiler identification source file "CMakeFortranCompilerId.F" failed.
Compiler: CMAKE_Fortran_COMPILER-NOTFOUND 
Build flags: 
Id flags: -fpp

The output was:
No such file or directory


Compiling the Fortran compiler identification source file "CMakeFortranCompilerId.F" failed.
Compiler: CMAKE_Fortran_COMPILER-NOTFOUND 
Build flags: 
Id flags: -v

The output was:
No such file or directory


Compiling the Fortran compiler identification source file "CMakeFortranCompilerId.F" failed.
Compiler: CMAKE_Fortran_COMPILER-NOTFOUND 
Build flags: 
Id flags: 

The output was:
No such file or directory


Compiling the Fortran compiler identification source file "CMakeFortranCompilerId.F" failed.
Compiler: CMAKE_Fortran_COMPILER-NOTFOUND 
Build flags: 
Id flags: -c

The output was:
No such file or directory


Compiling the Fortran compiler identification source file "CMakeFortranCompilerId.F" failed.
Compiler: CMAKE_Fortran_COMPILER-NOTFOUND 
Build flags: 
Id flags: -fpp

The output was:
No such file or directory


